This is pdfTeX, Version 3.14159265-2.6-1.40.20 (TeX Live 2019/Arch Linux) (preloaded format=pdflatex 2020.5.12)  15 JUL 2020 14:17
entering extended mode
 restricted \write18 enabled.
 %&-line parsing enabled.
**dalio.tex
(./dalio.tex
LaTeX2e <2019-10-01> patch level 1
(./sphinxmanual.cls
Document Class: sphinxmanual 2019/12/01 v2.3.0 Document class (Sphinx manual)
(/usr/share/texmf-dist/tex/latex/base/report.cls
Document Class: report 2019/08/27 v1.4j Standard LaTeX document class
(/usr/share/texmf-dist/tex/latex/base/size10.clo
File: size10.clo 2019/08/27 v1.4j Standard LaTeX file (size option)
)
\c@part=\count80
\c@chapter=\count81
\c@section=\count82
\c@subsection=\count83
\c@subsubsection=\count84
\c@paragraph=\count85
\c@subparagraph=\count86
\c@figure=\count87
\c@table=\count88
\abovecaptionskip=\skip41
\belowcaptionskip=\skip42
\bibindent=\dimen102
)
LaTeX Info: Redefining \and on input line 35.
)
(/usr/share/texmf-dist/tex/latex/base/inputenc.sty
Package: inputenc 2018/08/11 v1.3c Input encoding file
\inpenc@prehook=\toks14
\inpenc@posthook=\toks15
)
   defining Unicode char U+00A0 (decimal 160)
   defining Unicode char U+2500 (decimal 9472)
   defining Unicode char U+2502 (decimal 9474)
   defining Unicode char U+2514 (decimal 9492)
   defining Unicode char U+251C (decimal 9500)
   defining Unicode char U+2572 (decimal 9586)

(/usr/share/texmf-dist/tex/latex/cmap/cmap.sty
Package: cmap 2008/03/06 v1.0h CMap support: searchable PDF
)
(/usr/share/texmf-dist/tex/latex/base/fontenc.sty
Package: fontenc 2018/08/11 v2.0j Standard LaTeX package

(/usr/share/texmf-dist/tex/latex/base/t1enc.def
File: t1enc.def 2018/08/11 v2.0j Standard LaTeX file
LaTeX Font Info:    Redeclaring font encoding T1 on input line 48.
)<<t1.cmap>>)
(/usr/share/texmf-dist/tex/latex/amsmath/amsmath.sty
Package: amsmath 2019/04/01 v2.17c AMS math features
\@mathmargin=\skip43

For additional information on amsmath, use the `?' option.
(/usr/share/texmf-dist/tex/latex/amsmath/amstext.sty
Package: amstext 2000/06/29 v2.01 AMS text

(/usr/share/texmf-dist/tex/latex/amsmath/amsgen.sty
File: amsgen.sty 1999/11/30 v2.0 generic functions
\@emptytoks=\toks16
\ex@=\dimen103
))
(/usr/share/texmf-dist/tex/latex/amsmath/amsbsy.sty
Package: amsbsy 1999/11/29 v1.2d Bold Symbols
\pmbraise@=\dimen104
)
(/usr/share/texmf-dist/tex/latex/amsmath/amsopn.sty
Package: amsopn 2016/03/08 v2.02 operator names
)
\inf@bad=\count89
LaTeX Info: Redefining \frac on input line 227.
\uproot@=\count90
\leftroot@=\count91
LaTeX Info: Redefining \overline on input line 389.
\classnum@=\count92
\DOTSCASE@=\count93
LaTeX Info: Redefining \ldots on input line 486.
LaTeX Info: Redefining \dots on input line 489.
LaTeX Info: Redefining \cdots on input line 610.
\Mathstrutbox@=\box27
\strutbox@=\box28
\big@size=\dimen105
LaTeX Font Info:    Redeclaring font encoding OML on input line 733.
LaTeX Font Info:    Redeclaring font encoding OMS on input line 734.
\macc@depth=\count94
\c@MaxMatrixCols=\count95
\dotsspace@=\muskip10
\c@parentequation=\count96
\dspbrk@lvl=\count97
\tag@help=\toks17
\row@=\count98
\column@=\count99
\maxfields@=\count100
\andhelp@=\toks18
\eqnshift@=\dimen106
\alignsep@=\dimen107
\tagshift@=\dimen108
\tagwidth@=\dimen109
\totwidth@=\dimen110
\lineht@=\dimen111
\@envbody=\toks19
\multlinegap=\skip44
\multlinetaggap=\skip45
\mathdisplay@stack=\toks20
LaTeX Info: Redefining \[ on input line 2855.
LaTeX Info: Redefining \] on input line 2856.
)
(/usr/share/texmf-dist/tex/latex/amsfonts/amssymb.sty
Package: amssymb 2013/01/14 v3.01 AMS font symbols

(/usr/share/texmf-dist/tex/latex/amsfonts/amsfonts.sty
Package: amsfonts 2013/01/14 v3.01 Basic AMSFonts support
\symAMSa=\mathgroup4
\symAMSb=\mathgroup5
LaTeX Font Info:    Redeclaring math symbol \hbar on input line 98.
LaTeX Font Info:    Overwriting math alphabet `\mathfrak' in version `bold'
(Font)                  U/euf/m/n --> U/euf/b/n on input line 106.
))
(/usr/share/texmf-dist/tex/generic/babel/babel.sty
Package: babel 2019/10/15 3.35 The Babel package

(/usr/share/texmf-dist/tex/generic/babel/switch.def
File: switch.def 2019/10/15 3.35 Babel switching mechanism
)
(/usr/share/texmf-dist/tex/generic/babel-english/english.ldf
Language: english 2017/06/06 v3.3r English support from the babel system

(/usr/share/texmf-dist/tex/generic/babel/babel.def
File: babel.def 2019/10/15 3.35 Babel common definitions
\babel@savecnt=\count101
\U@D=\dimen112

(/usr/share/texmf-dist/tex/generic/babel/txtbabel.def)
\bbl@dirlevel=\count102
)
\l@canadian = a dialect from \language\l@american 
\l@australian = a dialect from \language\l@british 
\l@newzealand = a dialect from \language\l@british 
))
(/usr/share/texmf-dist/tex/latex/psnfss/times.sty
Package: times 2005/04/12 PSNFSS-v9.2a (SPQR) 
)
(/usr/share/texmf-dist/tex/latex/fncychap/fncychap.sty
Package: fncychap 2007/07/30 v1.34 LaTeX package (Revised chapters)
\RW=\skip46
\mylen=\skip47
\myhi=\skip48
\px=\skip49
\py=\skip50
\pyy=\skip51
\pxx=\skip52
\c@AlphaCnt=\count103
\c@AlphaDecCnt=\count104
) (./sphinx.sty
Package: sphinx 2019/09/02 v2.3.0 LaTeX package (Sphinx markup)

(/usr/share/texmf-dist/tex/generic/oberdiek/ltxcmds.sty
Package: ltxcmds 2016/05/16 v1.23 LaTeX kernel commands for general use (HO)
)
(/usr/share/texmf-dist/tex/latex/graphics/graphicx.sty
Package: graphicx 2017/06/01 v1.1a Enhanced LaTeX Graphics (DPC,SPQR)

(/usr/share/texmf-dist/tex/latex/graphics/keyval.sty
Package: keyval 2014/10/28 v1.15 key=value parser (DPC)
\KV@toks@=\toks21
)
(/usr/share/texmf-dist/tex/latex/graphics/graphics.sty
Package: graphics 2019/10/08 v1.3c Standard LaTeX Graphics (DPC,SPQR)

(/usr/share/texmf-dist/tex/latex/graphics/trig.sty
Package: trig 2016/01/03 v1.10 sin cos tan (DPC)
)
(/usr/share/texmf-dist/tex/latex/graphics-cfg/graphics.cfg
File: graphics.cfg 2016/06/04 v1.11 sample graphics configuration
)
Package graphics Info: Driver file: pdftex.def on input line 105.

(/usr/share/texmf-dist/tex/latex/graphics-def/pdftex.def
File: pdftex.def 2018/01/08 v1.0l Graphics/color driver for pdftex
))
\Gin@req@height=\dimen113
\Gin@req@width=\dimen114
)
(/usr/share/texmf-dist/tex/latex/fancyhdr/fancyhdr.sty
Package: fancyhdr 2019/01/31 v3.10 Extensive control of page headers and footer
s
\f@nch@headwidth=\skip53
\f@nch@O@elh=\skip54
\f@nch@O@erh=\skip55
\f@nch@O@olh=\skip56
\f@nch@O@orh=\skip57
\f@nch@O@elf=\skip58
\f@nch@O@erf=\skip59
\f@nch@O@olf=\skip60
\f@nch@O@orf=\skip61
)
(/usr/share/texmf-dist/tex/latex/base/textcomp.sty
Package: textcomp 2018/08/11 v2.0j Standard LaTeX package
Package textcomp Info: Sub-encoding information:
(textcomp)               5 = only ISO-Adobe without \textcurrency
(textcomp)               4 = 5 + \texteuro
(textcomp)               3 = 4 + \textohm
(textcomp)               2 = 3 + \textestimated + \textcurrency
(textcomp)               1 = TS1 - \textcircled - \t
(textcomp)               0 = TS1 (full)
(textcomp)             Font families with sub-encoding setting implement
(textcomp)             only a restricted character set as indicated.
(textcomp)             Family '?' is the default used for unknown fonts.
(textcomp)             See the documentation for details.
Package textcomp Info: Setting ? sub-encoding to TS1/1 on input line 79.

(/usr/share/texmf-dist/tex/latex/base/ts1enc.def
File: ts1enc.def 2001/06/05 v3.0e (jk/car/fm) Standard LaTeX file
Now handling font encoding TS1 ...
... processing UTF-8 mapping file for font encoding TS1

(/usr/share/texmf-dist/tex/latex/base/ts1enc.dfu
File: ts1enc.dfu 2019/07/11 v1.2j UTF-8 support for inputenc
   defining Unicode char U+00A2 (decimal 162)
   defining Unicode char U+00A3 (decimal 163)
   defining Unicode char U+00A4 (decimal 164)
   defining Unicode char U+00A5 (decimal 165)
   defining Unicode char U+00A6 (decimal 166)
   defining Unicode char U+00A7 (decimal 167)
   defining Unicode char U+00A8 (decimal 168)
   defining Unicode char U+00A9 (decimal 169)
   defining Unicode char U+00AA (decimal 170)
   defining Unicode char U+00AC (decimal 172)
   defining Unicode char U+00AE (decimal 174)
   defining Unicode char U+00AF (decimal 175)
   defining Unicode char U+00B0 (decimal 176)
   defining Unicode char U+00B1 (decimal 177)
   defining Unicode char U+00B2 (decimal 178)
   defining Unicode char U+00B3 (decimal 179)
   defining Unicode char U+00B4 (decimal 180)
   defining Unicode char U+00B5 (decimal 181)
   defining Unicode char U+00B6 (decimal 182)
   defining Unicode char U+00B7 (decimal 183)
   defining Unicode char U+00B9 (decimal 185)
   defining Unicode char U+00BA (decimal 186)
   defining Unicode char U+00BC (decimal 188)
   defining Unicode char U+00BD (decimal 189)
   defining Unicode char U+00BE (decimal 190)
   defining Unicode char U+00D7 (decimal 215)
   defining Unicode char U+00F7 (decimal 247)
   defining Unicode char U+0192 (decimal 402)
   defining Unicode char U+02C7 (decimal 711)
   defining Unicode char U+02D8 (decimal 728)
   defining Unicode char U+02DD (decimal 733)
   defining Unicode char U+0E3F (decimal 3647)
   defining Unicode char U+2016 (decimal 8214)
   defining Unicode char U+2020 (decimal 8224)
   defining Unicode char U+2021 (decimal 8225)
   defining Unicode char U+2022 (decimal 8226)
   defining Unicode char U+2030 (decimal 8240)
   defining Unicode char U+2031 (decimal 8241)
   defining Unicode char U+203B (decimal 8251)
   defining Unicode char U+203D (decimal 8253)
   defining Unicode char U+2044 (decimal 8260)
   defining Unicode char U+204E (decimal 8270)
   defining Unicode char U+2052 (decimal 8274)
   defining Unicode char U+20A1 (decimal 8353)
   defining Unicode char U+20A4 (decimal 8356)
   defining Unicode char U+20A6 (decimal 8358)
   defining Unicode char U+20A9 (decimal 8361)
   defining Unicode char U+20AB (decimal 8363)
   defining Unicode char U+20AC (decimal 8364)
   defining Unicode char U+20B1 (decimal 8369)
   defining Unicode char U+2103 (decimal 8451)
   defining Unicode char U+2116 (decimal 8470)
   defining Unicode char U+2117 (decimal 8471)
   defining Unicode char U+211E (decimal 8478)
   defining Unicode char U+2120 (decimal 8480)
   defining Unicode char U+2122 (decimal 8482)
   defining Unicode char U+2126 (decimal 8486)
   defining Unicode char U+2127 (decimal 8487)
   defining Unicode char U+212E (decimal 8494)
   defining Unicode char U+2190 (decimal 8592)
   defining Unicode char U+2191 (decimal 8593)
   defining Unicode char U+2192 (decimal 8594)
   defining Unicode char U+2193 (decimal 8595)
   defining Unicode char U+2329 (decimal 9001)
   defining Unicode char U+232A (decimal 9002)
   defining Unicode char U+2422 (decimal 9250)
   defining Unicode char U+25E6 (decimal 9702)
   defining Unicode char U+25EF (decimal 9711)
   defining Unicode char U+266A (decimal 9834)
   defining Unicode char U+27E8 (decimal 10216)
   defining Unicode char U+27E9 (decimal 10217)
   defining Unicode char U+FEFF (decimal 65279)
))
LaTeX Info: Redefining \oldstylenums on input line 334.
Package textcomp Info: Setting cmr sub-encoding to TS1/0 on input line 349.
Package textcomp Info: Setting cmss sub-encoding to TS1/0 on input line 350.
Package textcomp Info: Setting cmtt sub-encoding to TS1/0 on input line 351.
Package textcomp Info: Setting cmvtt sub-encoding to TS1/0 on input line 352.
Package textcomp Info: Setting cmbr sub-encoding to TS1/0 on input line 353.
Package textcomp Info: Setting cmtl sub-encoding to TS1/0 on input line 354.
Package textcomp Info: Setting ccr sub-encoding to TS1/0 on input line 355.
Package textcomp Info: Setting ptm sub-encoding to TS1/4 on input line 356.
Package textcomp Info: Setting pcr sub-encoding to TS1/4 on input line 357.
Package textcomp Info: Setting phv sub-encoding to TS1/4 on input line 358.
Package textcomp Info: Setting ppl sub-encoding to TS1/3 on input line 359.
Package textcomp Info: Setting pag sub-encoding to TS1/4 on input line 360.
Package textcomp Info: Setting pbk sub-encoding to TS1/4 on input line 361.
Package textcomp Info: Setting pnc sub-encoding to TS1/4 on input line 362.
Package textcomp Info: Setting pzc sub-encoding to TS1/4 on input line 363.
Package textcomp Info: Setting bch sub-encoding to TS1/4 on input line 364.
Package textcomp Info: Setting put sub-encoding to TS1/5 on input line 365.
Package textcomp Info: Setting uag sub-encoding to TS1/5 on input line 366.
Package textcomp Info: Setting ugq sub-encoding to TS1/5 on input line 367.
Package textcomp Info: Setting ul8 sub-encoding to TS1/4 on input line 368.
Package textcomp Info: Setting ul9 sub-encoding to TS1/4 on input line 369.
Package textcomp Info: Setting augie sub-encoding to TS1/5 on input line 370.
Package textcomp Info: Setting dayrom sub-encoding to TS1/3 on input line 371.
Package textcomp Info: Setting dayroms sub-encoding to TS1/3 on input line 372.

Package textcomp Info: Setting pxr sub-encoding to TS1/0 on input line 373.
Package textcomp Info: Setting pxss sub-encoding to TS1/0 on input line 374.
Package textcomp Info: Setting pxtt sub-encoding to TS1/0 on input line 375.
Package textcomp Info: Setting txr sub-encoding to TS1/0 on input line 376.
Package textcomp Info: Setting txss sub-encoding to TS1/0 on input line 377.
Package textcomp Info: Setting txtt sub-encoding to TS1/0 on input line 378.
Package textcomp Info: Setting lmr sub-encoding to TS1/0 on input line 379.
Package textcomp Info: Setting lmdh sub-encoding to TS1/0 on input line 380.
Package textcomp Info: Setting lmss sub-encoding to TS1/0 on input line 381.
Package textcomp Info: Setting lmssq sub-encoding to TS1/0 on input line 382.
Package textcomp Info: Setting lmvtt sub-encoding to TS1/0 on input line 383.
Package textcomp Info: Setting lmtt sub-encoding to TS1/0 on input line 384.
Package textcomp Info: Setting qhv sub-encoding to TS1/0 on input line 385.
Package textcomp Info: Setting qag sub-encoding to TS1/0 on input line 386.
Package textcomp Info: Setting qbk sub-encoding to TS1/0 on input line 387.
Package textcomp Info: Setting qcr sub-encoding to TS1/0 on input line 388.
Package textcomp Info: Setting qcs sub-encoding to TS1/0 on input line 389.
Package textcomp Info: Setting qpl sub-encoding to TS1/0 on input line 390.
Package textcomp Info: Setting qtm sub-encoding to TS1/0 on input line 391.
Package textcomp Info: Setting qzc sub-encoding to TS1/0 on input line 392.
Package textcomp Info: Setting qhvc sub-encoding to TS1/0 on input line 393.
Package textcomp Info: Setting futs sub-encoding to TS1/4 on input line 394.
Package textcomp Info: Setting futx sub-encoding to TS1/4 on input line 395.
Package textcomp Info: Setting futj sub-encoding to TS1/4 on input line 396.
Package textcomp Info: Setting hlh sub-encoding to TS1/3 on input line 397.
Package textcomp Info: Setting hls sub-encoding to TS1/3 on input line 398.
Package textcomp Info: Setting hlst sub-encoding to TS1/3 on input line 399.
Package textcomp Info: Setting hlct sub-encoding to TS1/5 on input line 400.
Package textcomp Info: Setting hlx sub-encoding to TS1/5 on input line 401.
Package textcomp Info: Setting hlce sub-encoding to TS1/5 on input line 402.
Package textcomp Info: Setting hlcn sub-encoding to TS1/5 on input line 403.
Package textcomp Info: Setting hlcw sub-encoding to TS1/5 on input line 404.
Package textcomp Info: Setting hlcf sub-encoding to TS1/5 on input line 405.
Package textcomp Info: Setting pplx sub-encoding to TS1/3 on input line 406.
Package textcomp Info: Setting pplj sub-encoding to TS1/3 on input line 407.
Package textcomp Info: Setting ptmx sub-encoding to TS1/4 on input line 408.
Package textcomp Info: Setting ptmj sub-encoding to TS1/4 on input line 409.
)
(/usr/share/texmf-dist/tex/latex/titlesec/titlesec.sty
Package: titlesec 2019/10/16 v2.13 Sectioning titles
\ttl@box=\box29
\beforetitleunit=\skip62
\aftertitleunit=\skip63
\ttl@plus=\dimen115
\ttl@minus=\dimen116
\ttl@toksa=\toks22
\titlewidth=\dimen117
\titlewidthlast=\dimen118
\titlewidthfirst=\dimen119
)
(/usr/share/texmf-dist/tex/latex/tabulary/tabulary.sty
Package: tabulary 2014/06/11 v0.10 tabulary package (DPC)

(/usr/share/texmf-dist/tex/latex/tools/array.sty
Package: array 2019/08/31 v2.4l Tabular extension package (FMi)
\col@sep=\dimen120
\ar@mcellbox=\box30
\extrarowheight=\dimen121
\NC@list=\toks23
\extratabsurround=\skip64
\backup@length=\skip65
\ar@cellbox=\box31
)
\TY@count=\count105
\TY@linewidth=\dimen122
\tymin=\dimen123
\tymax=\dimen124
\TY@tablewidth=\dimen125
)
(/usr/share/texmf-dist/tex/latex/tools/longtable.sty
Package: longtable 2019/02/06 v4.12 Multi-page Table package (DPC)
\LTleft=\skip66
\LTright=\skip67
\LTpre=\skip68
\LTpost=\skip69
\LTchunksize=\count106
\LTcapwidth=\dimen126
\LT@head=\box32
\LT@firsthead=\box33
\LT@foot=\box34
\LT@lastfoot=\box35
\LT@cols=\count107
\LT@rows=\count108
\c@LT@tables=\count109
\c@LT@chunks=\count110
\LT@p@ftn=\toks24
)
(/usr/share/texmf-dist/tex/latex/varwidth/varwidth.sty
Package: varwidth 2009/03/30 ver 0.92;  Variable-width minipages
\@vwid@box=\box36
\sift@deathcycles=\count111
\@vwid@loff=\dimen127
\@vwid@roff=\dimen128
) (./sphinxmulticell.sty
Package: sphinxmulticell 2017/02/23 v1.6 better span rows and columns of a tabl
e (Sphinx team)
\sphinx@TY@tablewidth=\dimen129
) (/usr/share/texmf-dist/tex/latex/base/makeidx.sty
Package: makeidx 2014/09/29 v1.0m Standard LaTeX package
)
(/usr/share/texmf-dist/tex/latex/framed/framed.sty
Package: framed 2011/10/22 v 0.96: framed or shaded text with page breaks
\OuterFrameSep=\skip70
\fb@frw=\dimen130
\fb@frh=\dimen131
\FrameRule=\dimen132
\FrameSep=\dimen133
)
(/usr/share/texmf-dist/tex/latex/xcolor/xcolor.sty
Package: xcolor 2016/05/11 v2.12 LaTeX color extensions (UK)

(/usr/share/texmf-dist/tex/latex/graphics-cfg/color.cfg
File: color.cfg 2016/01/02 v1.6 sample color configuration
)
Package xcolor Info: Driver file: pdftex.def on input line 225.
Package xcolor Info: Model `cmy' substituted by `cmy0' on input line 1348.
Package xcolor Info: Model `hsb' substituted by `rgb' on input line 1352.
Package xcolor Info: Model `RGB' extended on input line 1364.
Package xcolor Info: Model `HTML' substituted by `rgb' on input line 1366.
Package xcolor Info: Model `Hsb' substituted by `hsb' on input line 1367.
Package xcolor Info: Model `tHsb' substituted by `hsb' on input line 1368.
Package xcolor Info: Model `HSB' substituted by `hsb' on input line 1369.
Package xcolor Info: Model `Gray' substituted by `gray' on input line 1370.
Package xcolor Info: Model `wave' substituted by `hsb' on input line 1371.
)
(/usr/share/texmf-dist/tex/latex/fancyvrb/fancyvrb.sty
Package: fancyvrb 2019/10/22

Style option: `fancyvrb' v3.3 <2019/10/22> (tvz)
\FV@CodeLineNo=\count112
\FV@InFile=\read1
\FV@TabBox=\box37
\c@FancyVerbLine=\count113
\FV@StepNumber=\count114
\FV@OutFile=\write3
) (./footnotehyper-sphinx.sty
Package: footnotehyper-sphinx 2017/10/27 v1.7 hyperref aware footnote.sty for s
phinx (JFB)
\FNH@notes=\box38
\FNH@width=\dimen134
)
(/usr/share/texmf-dist/tex/latex/float/float.sty
Package: float 2001/11/08 v1.3d Float enhancements (AL)
\c@float@type=\count115
\float@exts=\toks25
\float@box=\box39
\@float@everytoks=\toks26
\@floatcapt=\box40
)
(/usr/share/texmf-dist/tex/latex/wrapfig/wrapfig.sty
\wrapoverhang=\dimen135
\WF@size=\dimen136
\c@WF@wrappedlines=\count116
\WF@box=\box41
\WF@everypar=\toks27
Package: wrapfig 2003/01/31  v 3.6
)
(/usr/share/texmf-dist/tex/latex/parskip/parskip.sty
Rollback for package 'parskip' requested -> version 'v1'.
         This corresponds to the release introduced on 2001-04-09.

(/usr/share/texmf-dist/tex/latex/parskip/parskip-2001-04-09.sty
Package: parskip 2001/04/09 non-zero parskip adjustments
))
(/usr/share/texmf-dist/tex/latex/base/alltt.sty
Package: alltt 1997/06/16 v2.0g defines alltt environment
)
(/usr/share/texmf-dist/tex/latex/upquote/upquote.sty
Package: upquote 2012/04/19 v1.3 upright-quote and grave-accent glyphs in verba
tim
)
(/usr/share/texmf-dist/tex/latex/capt-of/capt-of.sty
Package: capt-of 2009/12/29 v0.2 standard captions outside of floats
)
(/usr/share/texmf-dist/tex/latex/needspace/needspace.sty
Package: needspace 2010/09/12 v1.3d reserve vertical space
)
(./sphinxhighlight.sty
Package: sphinxhighlight 2016/05/29 stylesheet for highlighting with pygments
) (/usr/share/texmf-dist/tex/latex/oberdiek/kvoptions.sty
Package: kvoptions 2016/05/16 v3.12 Key value format for package options (HO)
(/usr/share/texmf-dist/tex/generic/oberdiek/kvsetkeys.sty
Package: kvsetkeys 2016/05/16 v1.17 Key value parser (HO)

(/usr/share/texmf-dist/tex/generic/oberdiek/infwarerr.sty
Package: infwarerr 2016/05/16 v1.4 Providing info/warning/error messages (HO)
)
(/usr/share/texmf-dist/tex/generic/oberdiek/etexcmds.sty
Package: etexcmds 2016/05/16 v1.6 Avoid name clashes with e-TeX commands (HO)

(/usr/share/texmf-dist/tex/generic/oberdiek/ifluatex.sty
Package: ifluatex 2016/05/16 v1.4 Provides the ifluatex switch (HO)
Package ifluatex Info: LuaTeX not detected.
))))
\sphinxverbatimsep=\dimen137
\sphinxverbatimborder=\dimen138
\sphinxshadowsep=\dimen139
\sphinxshadowsize=\dimen140
\sphinxshadowrule=\dimen141
\spx@notice@border=\dimen142
\spx@image@maxheight=\dimen143
\spx@image@box=\dimen144
\c@literalblock=\count117
\sphinxcontinuationbox=\box42
\sphinxvisiblespacebox=\box43
\sphinxVerbatim@TitleBox=\box44
\sphinxVerbatim@ContentsBox=\box45
\py@argswidth=\skip71
\lineblockindentation=\skip72
\DUlineblockindent=\skip73
)
(/usr/share/texmf-dist/tex/latex/geometry/geometry.sty
Package: geometry 2018/04/16 v5.8 Page Geometry

(/usr/share/texmf-dist/tex/generic/oberdiek/ifpdf.sty
Package: ifpdf 2018/09/07 v3.3 Provides the ifpdf switch
)
(/usr/share/texmf-dist/tex/generic/oberdiek/ifvtex.sty
Package: ifvtex 2016/05/16 v1.6 Detect VTeX and its facilities (HO)
Package ifvtex Info: VTeX not detected.
)
(/usr/share/texmf-dist/tex/generic/ifxetex/ifxetex.sty
Package: ifxetex 2010/09/12 v0.6 Provides ifxetex conditional
)
\Gm@cnth=\count118
\Gm@cntv=\count119
\c@Gm@tempcnt=\count120
\Gm@bindingoffset=\dimen145
\Gm@wd@mp=\dimen146
\Gm@odd@mp=\dimen147
\Gm@even@mp=\dimen148
\Gm@layoutwidth=\dimen149
\Gm@layoutheight=\dimen150
\Gm@layouthoffset=\dimen151
\Gm@layoutvoffset=\dimen152
\Gm@dimlist=\toks28
)
(/usr/share/texmf-dist/tex/latex/hyperref/hyperref.sty
Package: hyperref 2019/09/28 v7.00a Hypertext links for LaTeX

(/usr/share/texmf-dist/tex/generic/oberdiek/hobsub-hyperref.sty
Package: hobsub-hyperref 2016/05/16 v1.14 Bundle oberdiek, subset hyperref (HO)


(/usr/share/texmf-dist/tex/generic/oberdiek/hobsub-generic.sty
Package: hobsub-generic 2016/05/16 v1.14 Bundle oberdiek, subset generic (HO)
Package: hobsub 2016/05/16 v1.14 Construct package bundles (HO)
Package hobsub Info: Skipping package `infwarerr' (already loaded).
Package hobsub Info: Skipping package `ltxcmds' (already loaded).
Package hobsub Info: Skipping package `ifluatex' (already loaded).
Package hobsub Info: Skipping package `ifvtex' (already loaded).
Package: intcalc 2016/05/16 v1.2 Expandable calculations with integers (HO)
Package hobsub Info: Skipping package `ifpdf' (already loaded).
Package hobsub Info: Skipping package `etexcmds' (already loaded).
Package hobsub Info: Skipping package `kvsetkeys' (already loaded).
Package: kvdefinekeys 2016/05/16 v1.4 Define keys (HO)
Package: pdftexcmds 2019/07/25 v0.30 Utility functions of pdfTeX for LuaTeX (HO
)
Package pdftexcmds Info: LuaTeX not detected.
Package pdftexcmds Info: \pdf@primitive is available.
Package pdftexcmds Info: \pdf@ifprimitive is available.
Package pdftexcmds Info: \pdfdraftmode found.
Package: pdfescape 2016/05/16 v1.14 Implements pdfTeX's escape features (HO)
Package: bigintcalc 2016/05/16 v1.4 Expandable calculations on big integers (HO
)
Package: bitset 2016/05/16 v1.2 Handle bit-vector datatype (HO)
Package: uniquecounter 2016/05/16 v1.3 Provide unlimited unique counter (HO)
)
Package hobsub Info: Skipping package `hobsub' (already loaded).
Package: letltxmacro 2016/05/16 v1.5 Let assignment for LaTeX macros (HO)
Package: hopatch 2016/05/16 v1.3 Wrapper for package hooks (HO)
Package: xcolor-patch 2016/05/16 xcolor patch
Package: atveryend 2016/05/16 v1.9 Hooks at the very end of document (HO)
Package atveryend Info: \enddocument detected (standard20110627).
Package: atbegshi 2016/06/09 v1.18 At begin shipout hook (HO)
Package: refcount 2016/05/16 v3.5 Data extraction from label references (HO)
Package: hycolor 2016/05/16 v1.8 Color options for hyperref/bookmark (HO)
)
(/usr/share/texmf-dist/tex/latex/oberdiek/auxhook.sty
Package: auxhook 2016/05/16 v1.4 Hooks for auxiliary files (HO)
)
\@linkdim=\dimen153
\Hy@linkcounter=\count121
\Hy@pagecounter=\count122

(/usr/share/texmf-dist/tex/latex/hyperref/pd1enc.def
File: pd1enc.def 2019/09/28 v7.00a Hyperref: PDFDocEncoding definition (HO)
Now handling font encoding PD1 ...
... no UTF-8 mapping file for font encoding PD1
)
\Hy@SavedSpaceFactor=\count123

(/usr/share/texmf-dist/tex/latex/latexconfig/hyperref.cfg
File: hyperref.cfg 2002/06/06 v1.2 hyperref configuration of TeXLive
)
Package hyperref Info: Option `unicode' set `true' on input line 4414.

(/usr/share/texmf-dist/tex/latex/hyperref/puenc.def
File: puenc.def 2019/09/28 v7.00a Hyperref: PDF Unicode definition (HO)
Now handling font encoding PU ...
... no UTF-8 mapping file for font encoding PU
)
Package hyperref Info: Option `colorlinks' set `true' on input line 4414.
Package hyperref Info: Option `breaklinks' set `true' on input line 4414.
Package hyperref Info: Hyper figures OFF on input line 4540.
Package hyperref Info: Link nesting OFF on input line 4545.
Package hyperref Info: Hyper index ON on input line 4548.
Package hyperref Info: Plain pages OFF on input line 4555.
Package hyperref Info: Backreferencing OFF on input line 4560.
Package hyperref Info: Implicit mode ON; LaTeX internals redefined.
Package hyperref Info: Bookmarks ON on input line 4793.
\c@Hy@tempcnt=\count124

(/usr/share/texmf-dist/tex/latex/url/url.sty
\Urlmuskip=\muskip11
Package: url 2013/09/16  ver 3.4  Verb mode for urls, etc.
)
LaTeX Info: Redefining \url on input line 5152.
\XeTeXLinkMargin=\dimen154
\Fld@menulength=\count125
\Field@Width=\dimen155
\Fld@charsize=\dimen156
Package hyperref Info: Hyper figures OFF on input line 6423.
Package hyperref Info: Link nesting OFF on input line 6428.
Package hyperref Info: Hyper index ON on input line 6431.
Package hyperref Info: backreferencing OFF on input line 6438.
Package hyperref Info: Link coloring ON on input line 6441.
Package hyperref Info: Link coloring with OCG OFF on input line 6448.
Package hyperref Info: PDF/A mode OFF on input line 6453.
LaTeX Info: Redefining \ref on input line 6493.
LaTeX Info: Redefining \pageref on input line 6497.
\Hy@abspage=\count126
\c@Item=\count127
\c@Hfootnote=\count128
)
Package hyperref Info: Driver (autodetected): hpdftex.

(/usr/share/texmf-dist/tex/latex/hyperref/hpdftex.def
File: hpdftex.def 2019/09/28 v7.00a Hyperref driver for pdfTeX
\Fld@listcount=\count129
\c@bookmark@seq@number=\count130

(/usr/share/texmf-dist/tex/latex/oberdiek/rerunfilecheck.sty
Package: rerunfilecheck 2016/05/16 v1.8 Rerun checks for auxiliary files (HO)
Package uniquecounter Info: New unique counter `rerunfilecheck' on input line 2
82.
)
\Hy@SectionHShift=\skip74
)
(/usr/share/texmf-dist/tex/latex/oberdiek/hypcap.sty
Package: hypcap 2016/05/16 v1.12 Adjusting the anchors of captions (HO)
) (./sphinxmessages.sty
Package: sphinxmessages 2019/01/04 v2.0 Localized LaTeX macros (Sphinx team)
)
\@indexfile=\write4
\openout4 = `dalio.idx'.


Writing index file dalio.idx
(./dalio.aux)
\openout1 = `dalio.aux'.

LaTeX Font Info:    Checking defaults for OML/cmm/m/it on input line 82.
LaTeX Font Info:    ... okay on input line 82.
LaTeX Font Info:    Checking defaults for T1/cmr/m/n on input line 82.
LaTeX Font Info:    ... okay on input line 82.
LaTeX Font Info:    Checking defaults for OT1/cmr/m/n on input line 82.
LaTeX Font Info:    ... okay on input line 82.
LaTeX Font Info:    Checking defaults for OMS/cmsy/m/n on input line 82.
LaTeX Font Info:    ... okay on input line 82.
LaTeX Font Info:    Checking defaults for OMX/cmex/m/n on input line 82.
LaTeX Font Info:    ... okay on input line 82.
LaTeX Font Info:    Checking defaults for U/cmr/m/n on input line 82.
LaTeX Font Info:    ... okay on input line 82.
LaTeX Font Info:    Checking defaults for TS1/cmr/m/n on input line 82.
LaTeX Font Info:    Trying to load font information for TS1+cmr on input line 8
2.
 (/usr/share/texmf-dist/tex/latex/base/ts1cmr.fd
File: ts1cmr.fd 2014/09/29 v2.5h Standard LaTeX font definitions
)
LaTeX Font Info:    ... okay on input line 82.
LaTeX Font Info:    Checking defaults for PD1/pdf/m/n on input line 82.
LaTeX Font Info:    ... okay on input line 82.
LaTeX Font Info:    Checking defaults for PU/pdf/m/n on input line 82.
LaTeX Font Info:    ... okay on input line 82.
LaTeX Font Info:    Trying to load font information for T1+ptm on input line 82
.

(/usr/share/texmf-dist/tex/latex/psnfss/t1ptm.fd
File: t1ptm.fd 2001/06/04 font definitions for T1/ptm.
)
(/usr/share/texmf-dist/tex/context/base/mkii/supp-pdf.mkii
[Loading MPS to PDF converter (version 2006.09.02).]
\scratchcounter=\count131
\scratchdimen=\dimen157
\scratchbox=\box46
\nofMPsegments=\count132
\nofMParguments=\count133
\everyMPshowfont=\toks29
\MPscratchCnt=\count134
\MPscratchDim=\dimen158
\MPnumerator=\count135
\makeMPintoPDFobject=\count136
\everyMPtoPDFconversion=\toks30
) (/usr/share/texmf-dist/tex/latex/oberdiek/epstopdf-base.sty
Package: epstopdf-base 2016/05/15 v2.6 Base part for package epstopdf

(/usr/share/texmf-dist/tex/latex/oberdiek/grfext.sty
Package: grfext 2016/05/16 v1.2 Manage graphics extensions (HO)
)
Package epstopdf-base Info: Redefining graphics rule for `.eps' on input line 4
38.
Package grfext Info: Graphics extension search list:
(grfext)             [.pdf,.png,.jpg,.mps,.jpeg,.jbig2,.jb2,.PDF,.PNG,.JPG,.JPE
G,.JBIG2,.JB2,.eps]
(grfext)             \AppendGraphicsExtensions on input line 456.

(/usr/share/texmf-dist/tex/latex/latexconfig/epstopdf-sys.cfg
File: epstopdf-sys.cfg 2010/07/13 v1.3 Configuration of (r)epstopdf for TeX Liv
e
))
*geometry* driver: auto-detecting
*geometry* detected driver: pdftex
*geometry* verbose mode - [ preamble ] result:
* driver: pdftex
* paper: letterpaper
* layout: <same size as paper>
* layoutoffset:(h,v)=(0.0pt,0.0pt)
* modes: twoside 
* h-part:(L,W,R)=(72.26999pt, 469.75502pt, 72.26999pt)
* v-part:(T,H,B)=(72.26999pt, 650.43001pt, 72.26999pt)
* \paperwidth=614.295pt
* \paperheight=794.96999pt
* \textwidth=469.75502pt
* \textheight=650.43001pt
* \oddsidemargin=0.0pt
* \evensidemargin=0.0pt
* \topmargin=-37.0pt
* \headheight=12.0pt
* \headsep=25.0pt
* \topskip=10.0pt
* \footskip=30.0pt
* \marginparwidth=36.135pt
* \marginparsep=11.0pt
* \columnsep=10.0pt
* \skip\footins=9.0pt plus 4.0pt minus 2.0pt
* \hoffset=0.0pt
* \voffset=0.0pt
* \mag=1000
* \@twocolumnfalse
* \@twosidetrue
* \@mparswitchtrue
* \@reversemarginfalse
* (1in=72.27pt=25.4mm, 1cm=28.453pt)

\AtBeginShipoutBox=\box47
Package hyperref Info: Link coloring ON on input line 82.
(/usr/share/texmf-dist/tex/latex/hyperref/nameref.sty
Package: nameref 2019/09/16 v2.46 Cross-referencing by name of section

(/usr/share/texmf-dist/tex/generic/oberdiek/gettitlestring.sty
Package: gettitlestring 2016/05/16 v1.5 Cleanup title references (HO)
)
\c@section@level=\count137
)
LaTeX Info: Redefining \ref on input line 82.
LaTeX Info: Redefining \pageref on input line 82.
LaTeX Info: Redefining \nameref on input line 82.
 (./dalio.out)
(./dalio.out)
\@outlinefile=\write5
\openout5 = `dalio.out'.

Package hyperref Info: Option `pageanchor' set `false' on input line 85.
LaTeX Font Info:    Trying to load font information for T1+phv on input line 85
.
 (/usr/share/texmf-dist/tex/latex/psnfss/t1phv.fd
File: t1phv.fd 2001/06/04 scalable font definitions for T1/phv.
)
LaTeX Font Info:    Font shape `T1/phv/bx/n' in size <10> not available
(Font)              Font shape `T1/phv/b/n' tried instead on input line 85.
LaTeX Font Info:    Font shape `T1/phv/bx/n' in size <24.88> not available
(Font)              Font shape `T1/phv/b/n' tried instead on input line 85.
LaTeX Font Info:    Font shape `T1/phv/bx/it' in size <10> not available
(Font)              Font shape `T1/phv/b/it' tried instead on input line 85.
LaTeX Font Info:    Font shape `T1/phv/b/it' in size <10> not available
(Font)              Font shape `T1/phv/b/sl' tried instead on input line 85.
LaTeX Font Info:    Font shape `T1/phv/bx/it' in size <17.28> not available
(Font)              Font shape `T1/phv/b/it' tried instead on input line 85.
LaTeX Font Info:    Font shape `T1/phv/b/it' in size <17.28> not available
(Font)              Font shape `T1/phv/b/sl' tried instead on input line 85.
LaTeX Font Info:    Font shape `T1/phv/bx/n' in size <17.28> not available
(Font)              Font shape `T1/phv/b/n' tried instead on input line 85.
<<ot1.cmap>><<oml.cmap>><<oms.cmap>><<omx.cmap>>
LaTeX Font Info:    Trying to load font information for U+msa on input line 85.


(/usr/share/texmf-dist/tex/latex/amsfonts/umsa.fd
File: umsa.fd 2013/01/14 v3.01 AMS symbols A
)
LaTeX Font Info:    Trying to load font information for U+msb on input line 85.


(/usr/share/texmf-dist/tex/latex/amsfonts/umsb.fd
File: umsb.fd 2013/01/14 v3.01 AMS symbols B
)
LaTeX Font Info:    Font shape `T1/phv/bx/n' in size <12> not available
(Font)              Font shape `T1/phv/b/n' tried instead on input line 85.
 [1

{/var/lib/texmf/fonts/map/pdftex/updmap/pdftex.map}] [2


]
LaTeX Font Info:    Font shape `T1/phv/bx/n' in size <14.4> not available
(Font)              Font shape `T1/phv/b/n' tried instead on input line 87.
 (./dalio.toc
LaTeX Font Info:    Font shape `T1/ptm/bx/n' in size <10> not available
(Font)              Font shape `T1/ptm/b/n' tried instead on input line 2.
 [1

])
\tf@toc=\write6
\openout6 = `dalio.toc'.

 [2]
Chapter 1.
LaTeX Font Info:    Trying to load font information for T1+pcr on input line 11
1.
(/usr/share/texmf-dist/tex/latex/psnfss/t1pcr.fd
File: t1pcr.fd 2001/06/04 font definitions for T1/pcr.
)
LaTeX Font Info:    Font shape `T1/pcr/bx/n' in size <10> not available
(Font)              Font shape `T1/pcr/b/n' tried instead on input line 111.
 [1


]
LaTeX Font Info:    Trying to load font information for TS1+ptm on input line 2
05.

(/usr/share/texmf-dist/tex/latex/psnfss/ts1ptm.fd
File: ts1ptm.fd 2001/06/04 font definitions for TS1/ptm.
)
Underfull \hbox (badness 10000) in paragraph at lines 205--205
[]\T1/ptm/m/it/10 out_file=<_io.TextIOWrapper name=\TS1/ptm/m/it/10 '\T1/ptm/m/
it/10 <stdout>\TS1/ptm/m/it/10 '
 []

LaTeX Font Info:    Font shape `T1/pcr/m/it' in size <10> not available
(Font)              Font shape `T1/pcr/m/sl' tried instead on input line 206.
[2] [3] [4] [5] [6

]
Chapter 2.

Underfull \hbox (badness 10000) in paragraph at lines 651--651
[]\T1/ptm/m/it/10 date_col=None\T1/ptm/m/n/10 ,
 []

[7] [8] [9] [10

]
Chapter 3.

LaTeX Warning: Hyper reference `dalio.pipe:dalio.pipe.pipe.PipeBuilder' on page
 11 undefined on input line 986.

[11]

LaTeX Warning: Hyper reference `dalio.pipe:dalio.pipe.pipe.PipeBuilder' on page
 12 undefined on input line 1103.


LaTeX Warning: Hyper reference `dalio.pipe:dalio.pipe.pipe.PipeBuilder' on page
 12 undefined on input line 1195.

[12]

LaTeX Warning: Hyper reference `dalio.pipe:dalio.pipe.pipe.PipeBuilder' on page
 13 undefined on input line 1260.


LaTeX Warning: Hyper reference `dalio.pipe:dalio.pipe.pipe.PipeBuilder' on page
 13 undefined on input line 1330.

[13] [14]
Underfull \hbox (badness 10000) in paragraph at lines 1567--1567
\T1/ptm/m/it/10 new_cols=None\T1/ptm/m/n/10 , \T1/ptm/m/it/10 drop=True\T1/ptm/
m/n/10 , \T1/ptm/m/it/10 rein-te-grate=False\T1/ptm/m/n/10 ,
 []


LaTeX Warning: Hyper reference `dalio.pipe:dalio.pipe.col_generation.Custom' on
 page 15 undefined on input line 1568.

[15]
LaTeX Font Info:    Font shape `T1/pcr/bx/n' in size <9> not available
(Font)              Font shape `T1/pcr/b/n' tried instead on input line 1610.
LaTeX Font Info:    Trying to load font information for TS1+pcr on input line 1
611.
 (/usr/share/texmf-dist/tex/latex/psnfss/ts1pcr.fd
File: ts1pcr.fd 2001/06/04 font definitions for TS1/pcr.
)

! Package inputenc Error: Unicode character ≤ (U+2264)
(inputenc)                not set up for use with LaTeX.

See the inputenc package documentation for explanation.
Type  H <return>  for immediate help.
 ...                                              
                                                  
l.1616 \PYG{g+go}{3      5        5≤}
                                       
? 

! Package inputenc Error: Unicode character ≤ (U+2264)
(inputenc)                not set up for use with LaTeX.

See the inputenc package documentation for explanation.
Type  H <return>  for immediate help.
 ...                                              
                                                  
l.1617 \PYG{g+go}{4      9        5≤}
                                       
? 

! Package inputenc Error: Unicode character ≤ (U+2264)
(inputenc)                not set up for use with LaTeX.

See the inputenc package documentation for explanation.
Type  H <return>  for immediate help.
 ...                                              
                                                  
l.1623 \PYG{g+go}{4      9        8≤}
                                       
? 

Underfull \hbox (badness 10000) in paragraph at lines 1631--1631
[]\T1/ptm/m/it/10 *args\T1/ptm/m/n/10 , \T1/ptm/m/it/10 columns=None\T1/ptm/m/n
/10 , \T1/ptm/m/it/10 new_cols=None\T1/ptm/m/n/10 ,
 []


Underfull \hbox (badness 10000) in paragraph at lines 1631--1631
\T1/ptm/m/it/10 non_neg=False\T1/ptm/m/n/10 , \T1/ptm/m/it/10 const_shift=None\
T1/ptm/m/n/10 , \T1/ptm/m/it/10 drop=True\T1/ptm/m/n/10 ,
 []


LaTeX Warning: Hyper reference `dalio.pipe:dalio.pipe.col_generation.Custom' on
 page 16 undefined on input line 1632.


Underfull \hbox (badness 10000) in paragraph at lines 1657--1657
[]\T1/ptm/m/it/10 *args\T1/ptm/m/n/10 , \T1/ptm/m/it/10 strat-egy=\TS1/ptm/m/it
/10 '\T1/ptm/m/it/10 diff\TS1/ptm/m/it/10 '\T1/ptm/m/n/10 , \T1/ptm/m/it/10 col
umns=None\T1/ptm/m/n/10 ,
 []


Underfull \hbox (badness 10000) in paragraph at lines 1657--1657
\T1/ptm/m/it/10 new_cols=None\T1/ptm/m/n/10 , \T1/ptm/m/it/10 drop=True\T1/ptm/
m/n/10 , \T1/ptm/m/it/10 rein-te-grate=False\T1/ptm/m/n/10 ,
 []

[16]
Underfull \hbox (badness 10000) in paragraph at lines 1767--1767
[]\T1/ptm/m/it/10 func\T1/ptm/m/n/10 , \T1/ptm/m/it/10 *args\T1/ptm/m/n/10 , \T
1/ptm/m/it/10 strat-egy=\TS1/ptm/m/it/10 '\T1/ptm/m/it/10 apply\TS1/ptm/m/it/10
 '\T1/ptm/m/n/10 ,
 []


Underfull \hbox (badness 10000) in paragraph at lines 1767--1767
\T1/ptm/m/it/10 columns=None\T1/ptm/m/n/10 , \T1/ptm/m/it/10 new_cols=None\T1/p
tm/m/n/10 ,
 []


LaTeX Warning: Hyper reference `dalio.pipe:dalio.pipe.col_generation.Custom' on
 page 17 undefined on input line 1768.

[17]
Underfull \hbox (badness 10000) in paragraph at lines 1858--1858
\T1/ptm/m/it/10 const_shift=None\T1/ptm/m/n/10 , \T1/ptm/m/it/10 drop=True\T1/p
tm/m/n/10 , \T1/ptm/m/it/10 rein-te-grate=False\T1/ptm/m/n/10 ,
 []


LaTeX Warning: Hyper reference `dalio.pipe:dalio.pipe.col_generation.Custom' on
 page 18 undefined on input line 1859.

[18]
Underfull \hbox (badness 10000) in paragraph at lines 1912--1912
[]\T1/ptm/m/it/10 value_map\T1/ptm/m/n/10 , \T1/ptm/m/it/10 *args\T1/ptm/m/n/10
 , \T1/ptm/m/it/10 columns=None\T1/ptm/m/n/10 ,
 []


Underfull \hbox (badness 10000) in paragraph at lines 1912--1912
\T1/ptm/m/it/10 new_cols=None\T1/ptm/m/n/10 , \T1/ptm/m/it/10 drop=True\T1/ptm/
m/n/10 , \T1/ptm/m/it/10 rein-te-
 []


LaTeX Warning: Hyper reference `dalio.pipe:dalio.pipe.col_generation.Custom' on
 page 19 undefined on input line 1913.


Underfull \hbox (badness 10000) in paragraph at lines 1951--1951
[]\T1/ptm/m/it/10 period\T1/ptm/m/n/10 , \T1/ptm/m/it/10 *args\T1/ptm/m/n/10 , 
\T1/ptm/m/it/10 agg_func=<function mean>\T1/ptm/m/n/10 ,
 []


Underfull \hbox (badness 10000) in paragraph at lines 1951--1951
\T1/ptm/m/it/10 columns=None\T1/ptm/m/n/10 , \T1/ptm/m/it/10 new_cols=None\T1/p
tm/m/n/10 , \T1/ptm/m/it/10 axis=0\T1/ptm/m/n/10 ,
 []

[19]
Underfull \hbox (badness 5578) in paragraph at lines 2016--2016
[]\T1/ptm/m/it/10 func\T1/ptm/m/n/10 , \T1/ptm/m/it/10 *args\T1/ptm/m/n/10 , \T
1/ptm/m/it/10 columns=None\T1/ptm/m/n/10 , \T1/ptm/m/it/10 new_cols=None\T1/ptm
/m/n/10 ,
 []


Underfull \hbox (badness 10000) in paragraph at lines 2070--2070
[]\T1/ptm/m/it/10 columns=None\T1/ptm/m/n/10 , \T1/ptm/m/it/10 new_cols=None\T1
/ptm/m/n/10 ,
 []

[20] [21] [22] [23] [24

]
Chapter 4.
[25] [26] [27] [28

]
Chapter 5.
[29] [30]

LaTeX Warning: Hyper reference `dalio.application:dalio.application.graphers.Mu
ltiGrapher' on page 31 undefined on input line 3037.

[31] [32]
Chapter 6.
[33

] [34

]
Chapter 7.
[35] [36]
Chapter 8.
[37

] [38] [39] [40]
Chapter 9.

Underfull \hbox (badness 10000) in paragraph at lines 3737--3737
[]\T1/ptm/m/it/10 cov_matrix\T1/ptm/m/n/10 , \T1/ptm/m/it/10 plot_correlation=F
alse\T1/ptm/m/n/10 ,
 []


Underfull \hbox (badness 10000) in paragraph at lines 3799--3799
[]\T1/ptm/m/it/10 cla\T1/ptm/m/n/10 , \T1/ptm/m/it/10 points=100\T1/ptm/m/n/10 
, \T1/ptm/m/it/10 vis-i-ble=25\T1/ptm/m/n/10 ,
 []


Underfull \hbox (badness 10000) in paragraph at lines 3799--3799
\T1/ptm/m/it/10 show_assets=True\T1/ptm/m/n/10 , \T1/ptm/m/it/10 ax=None\T1/ptm
/m/n/10 ,
 []

[41

] [42] [43]
LaTeX Font Info:    Font shape `TS1/pcr/bx/n' in size <10> not available
(Font)              Font shape `TS1/pcr/b/n' tried instead on input line 1.
 [44] [45] [46] [47] [48

]
Chapter 10.
[49] [50

] [51


] (./dalio.ind [52


]
Overfull \hbox (4.80121pt too wide) in paragraph at lines 12--14
[]\T1/pcr/m/n/10 _axis \T1/ptm/m/n/10 (\T1/ptm/m/it/10 dalio.validator.pandas_v
al.HAS_INDEX_NAMES
 []


Underfull \hbox (badness 10000) in paragraph at lines 17--18
[]\T1/pcr/m/n/10 _cols \T1/ptm/m/n/10 (\T1/ptm/m/it/10 dalio.validator.pandas_v
al.HAS_COLS at-
 []


Underfull \hbox (badness 10000) in paragraph at lines 23--24
[]\T1/pcr/m/n/10 _connection \T1/ptm/m/n/10 (\T1/ptm/m/it/10 dalio.external.ext
ernal.External at-
 []


Underfull \hbox (badness 10000) in paragraph at lines 25--26
[]\T1/pcr/m/n/10 _connection \T1/ptm/m/n/10 (\T1/ptm/m/it/10 dalio.external.fil
e.PandasInFile at-
 []


Overfull \hbox (1.99115pt too wide) in paragraph at lines 36--38
[]\T1/pcr/m/n/10 _legend \T1/ptm/m/n/10 (\T1/ptm/m/it/10 dalio.application.grap
hers.PandasXYGrapher
 []


Overfull \hbox (10.80121pt too wide) in paragraph at lines 38--40
[]\T1/pcr/m/n/10 _names \T1/ptm/m/n/10 (\T1/ptm/m/it/10 dalio.validator.pandas_
val.HAS_INDEX_NAMES
 []


Underfull \hbox (badness 10000) in paragraph at lines 40--42
[]\T1/pcr/m/n/10 _new_cols \T1/ptm/m/n/10 (\T1/ptm/m/it/10 dalio.pipe.col_gener
ation.Change at-
 []


Underfull \hbox (badness 10000) in paragraph at lines 42--44
[]\T1/pcr/m/n/10 _out \T1/ptm/m/n/10 (\T1/ptm/m/it/10 dalio.application.applica
tion.Application at-
 []


Underfull \hbox (badness 10000) in paragraph at lines 46--47
[]\T1/pcr/m/n/10 _quandl_conf \T1/ptm/m/n/10 (\T1/ptm/m/it/10 dalio.external.we
b.QuandlAPI at-
 []


Underfull \hbox (badness 10000) in paragraph at lines 47--48
[]\T1/pcr/m/n/10 _quantiles \T1/ptm/m/n/10 (\T1/ptm/m/it/10 dalio.pipe.builders
.ValueAtRisk at-
 []


Underfull \hbox (badness 10000) in paragraph at lines 48--50
[]\T1/pcr/m/n/10 _rolling_func \T1/ptm/m/n/10 (\T1/ptm/m/it/10 dalio.pipe.col_g
eneration.Rolling
 []


Underfull \hbox (badness 10000) in paragraph at lines 53--55
[]\T1/pcr/m/n/10 _source \T1/ptm/m/n/10 (\T1/ptm/m/it/10 dalio.translator.trans
lator.Translator at-
 []


Underfull \hbox (badness 10000) in paragraph at lines 58--59
[]\T1/pcr/m/n/10 _strategy \T1/ptm/m/n/10 (\T1/ptm/m/it/10 dalio.pipe.col_gener
ation.Change at-
 []


Underfull \hbox (badness 10000) in paragraph at lines 61--63
[]\T1/pcr/m/n/10 _x \T1/ptm/m/n/10 (\T1/ptm/m/it/10 dalio.application.graphers.
PandasXYGrapher
 []


Underfull \hbox (badness 10000) in paragraph at lines 63--65
[]\T1/pcr/m/n/10 _y \T1/ptm/m/n/10 (\T1/ptm/m/it/10 dalio.application.graphers.
PandasXYGrapher
 []


Overfull \hbox (47.00087pt too wide) in paragraph at lines 68--70
[]\T1/pcr/m/n/10 add_constraint() \T1/ptm/m/n/10 (\T1/ptm/m/it/10 dalio.model.f
inancial.MakeEfficientFrontier
 []


Overfull \hbox (41.00087pt too wide) in paragraph at lines 70--72
[]\T1/pcr/m/n/10 add_objective() \T1/ptm/m/n/10 (\T1/ptm/m/it/10 dalio.model.fi
nancial.MakeEfficientFrontier
 []


Underfull \hbox (badness 10000) in paragraph at lines 72--74
[]\T1/pcr/m/n/10 add_sector_definitions()
 []


Underfull \hbox (badness 10000) in paragraph at lines 72--74
\T1/ptm/m/n/10 (\T1/ptm/m/it/10 dalio.model.financial.MakeEfficientFrontier
 []

[53

]
Underfull \hbox (badness 10000) in paragraph at lines 74--76
[]\T1/pcr/m/n/10 add_sector_weight_constraint()
 []


Underfull \hbox (badness 10000) in paragraph at lines 74--76
\T1/ptm/m/n/10 (\T1/ptm/m/it/10 dalio.model.financial.MakeEfficientFrontier
 []


Underfull \hbox (badness 10000) in paragraph at lines 76--78
[]\T1/pcr/m/n/10 add_stock_weight_constraint()
 []


Underfull \hbox (badness 10000) in paragraph at lines 76--78
\T1/ptm/m/n/10 (\T1/ptm/m/it/10 dalio.model.financial.MakeEfficientFrontier
 []


Underfull \hbox (badness 10000) in paragraph at lines 80--81
[]\T1/pcr/m/n/10 assimilate() \T1/ptm/m/n/10 (\T1/ptm/m/it/10 dalio.pipe.builde
rs.MakeARCH
 []


Overfull \hbox (9.40047pt too wide) in paragraph at lines 81--83
[]\T1/pcr/m/n/10 att_name \T1/ptm/m/n/10 (\T1/ptm/m/it/10 dalio.translator.file
.StockStreamFileTranslator
 []


Underfull \hbox (badness 10000) in paragraph at lines 83--84
[]\T1/pcr/m/n/10 authenticate() \T1/ptm/m/n/10 (\T1/ptm/m/it/10 dalio.external.
external.External
 []


Underfull \hbox (badness 10000) in paragraph at lines 84--85
[]\T1/pcr/m/n/10 authenticate() \T1/ptm/m/n/10 (\T1/ptm/m/it/10 dalio.external.
web.QuandlAPI
 []


Overfull \hbox (9.37112pt too wide) in paragraph at lines 88--90
[]\T1/pcr/m/n/10 build_model() \T1/ptm/m/n/10 (\T1/ptm/m/it/10 dalio.model.fina
ncial.OptimumWeights
 []


Underfull \hbox (badness 10000) in paragraph at lines 90--91
[]\T1/pcr/m/n/10 build_model() \T1/ptm/m/n/10 (\T1/ptm/m/it/10 dalio.pipe.build
ers.CovShrink
 []


Underfull \hbox (badness 10000) in paragraph at lines 93--94
[]\T1/pcr/m/n/10 build_model() \T1/ptm/m/n/10 (\T1/ptm/m/it/10 dalio.pipe.build
ers.LinearModel
 []


Underfull \hbox (badness 10000) in paragraph at lines 94--95
[]\T1/pcr/m/n/10 build_model() \T1/ptm/m/n/10 (\T1/ptm/m/it/10 dalio.pipe.build
ers.MakeARCH
 []


Overfull \hbox (3.37112pt too wide) in paragraph at lines 104--106
[]\T1/pcr/m/n/10 check_name() \T1/ptm/m/n/10 (\T1/ptm/m/it/10 dalio.model.finan
cial.OptimumWeights
 []


Underfull \hbox (badness 10000) in paragraph at lines 106--107
[]\T1/pcr/m/n/10 check_name() \T1/ptm/m/n/10 (\T1/ptm/m/it/10 dalio.pipe.builde
rs.CovShrink
 []


Underfull \hbox (badness 10000) in paragraph at lines 107--109
[]\T1/pcr/m/n/10 check_name() \T1/ptm/m/n/10 (\T1/ptm/m/it/10 dalio.pipe.builde
rs.ExpectedReturns
 []


Underfull \hbox (badness 10000) in paragraph at lines 113--115
[]\T1/pcr/m/n/10 copy() \T1/ptm/m/n/10 (\T1/ptm/m/it/10 dalio.application.appli
cation.Application
 []


Underfull \hbox (badness 10000) in paragraph at lines 115--117
[]\T1/pcr/m/n/10 copy() \T1/ptm/m/n/10 (\T1/ptm/m/it/10 dalio.model.financial.M
akeEfficientFrontier
 []

[54]
Overfull \hbox (9.40047pt too wide) in paragraph at lines 173--175
[]\T1/pcr/m/n/10 date_col \T1/ptm/m/n/10 (\T1/ptm/m/it/10 dalio.translator.file
.StockStreamFileTranslator
 []


Underfull \hbox (badness 10000) in paragraph at lines 188--190
[]\T1/pcr/m/n/10 fatal_off() \T1/ptm/m/n/10 (\T1/ptm/m/it/10 dalio.validator.va
lidator.Validator
 []


Underfull \hbox (badness 10000) in paragraph at lines 190--191
[]\T1/pcr/m/n/10 fatal_on() \T1/ptm/m/n/10 (\T1/ptm/m/it/10 dalio.validator.val
idator.Validator
 []


Underfull \hbox (badness 10000) in paragraph at lines 195--196
[]\T1/pcr/m/n/10 ForecastGrapher \T1/ptm/m/n/10 (\T1/ptm/m/it/10 class in
 []


Underfull \hbox (badness 10000) in paragraph at lines 202--203
[]\T1/pcr/m/n/10 gamma \T1/ptm/m/n/10 (\T1/ptm/m/it/10 dalio.model.financial.Op
timumWeights at-
 []


Underfull \hbox (badness 10000) in paragraph at lines 204--205
[]\T1/pcr/m/n/10 get_axis() \T1/ptm/m/n/10 (\T1/ptm/m/it/10 dalio.external.imag
e.PySubplotGraph
 []


Underfull \hbox (badness 10000) in paragraph at lines 214--215
[]\T1/pcr/m/n/10 HAS_INDEX_NAMES \T1/ptm/m/n/10 (\T1/ptm/m/it/10 class in
 []


Overfull \hbox (11.1414pt too wide) in paragraph at lines 235--237
[]\T1/pcr/m/n/10 make_manager() \T1/ptm/m/n/10 (\T1/ptm/m/it/10 dalio.external.
image.PySubplotGraph
 []


Underfull \hbox (badness 10000) in paragraph at lines 239--240
[]\T1/pcr/m/n/10 MakeEfficientFrontier \T1/ptm/m/n/10 (\T1/ptm/m/it/10 class in

 []


Underfull \hbox (badness 10000) in paragraph at lines 251--252
[]\T1/pcr/m/n/10 PandasTSGrapher \T1/ptm/m/n/10 (\T1/ptm/m/it/10 class in
 []


Underfull \hbox (badness 10000) in paragraph at lines 252--253
[]\T1/pcr/m/n/10 PandasXYGrapher \T1/ptm/m/n/10 (\T1/ptm/m/it/10 class in
 []


Underfull \hbox (badness 10000) in paragraph at lines 261--262
[]\T1/pcr/m/n/10 plot() \T1/ptm/m/n/10 (\T1/ptm/m/it/10 dalio.external.image.Py
SubplotGraph
 []


Underfull \hbox (badness 10000) in paragraph at lines 263--265
[]\T1/pcr/m/n/10 plot_covariance() \T1/ptm/m/n/10 (\T1/ptm/m/it/10 in mod-ule
 []


Underfull \hbox (badness 10000) in paragraph at lines 265--267
[]\T1/pcr/m/n/10 plot_dendrogram() \T1/ptm/m/n/10 (\T1/ptm/m/it/10 in mod-ule
 []


Underfull \hbox (badness 10000) in paragraph at lines 267--268
[]\T1/pcr/m/n/10 plot_efficient_frontier() \T1/ptm/m/n/10 (\T1/ptm/m/it/10 in m
od-ule
 []


Underfull \hbox (badness 10000) in paragraph at lines 268--270
[]\T1/pcr/m/n/10 plot_efficient_frontier() \T1/ptm/m/n/10 (\T1/ptm/m/it/10 in m
od-ule
 []

[55]
Underfull \hbox (badness 10000) in paragraph at lines 273--274
[]\T1/pcr/m/n/10 process_cols() \T1/ptm/m/n/10 (\T1/ptm/m/it/10 in mod-ule
 []


Underfull \hbox (badness 10000) in paragraph at lines 275--276
[]\T1/pcr/m/n/10 process_date() \T1/ptm/m/n/10 (\T1/ptm/m/it/10 in mod-ule
 []


Underfull \hbox (badness 10000) in paragraph at lines 277--279
[]\T1/pcr/m/n/10 process_new_colnames() \T1/ptm/m/n/10 (\T1/ptm/m/it/10 in mod-
ule
 []


Underfull \hbox (badness 10000) in paragraph at lines 280--282
[]\T1/pcr/m/n/10 process_new_df() \T1/ptm/m/n/10 (\T1/ptm/m/it/10 in mod-ule
 []


Underfull \hbox (badness 10000) in paragraph at lines 289--291
[]\T1/pcr/m/n/10 QuandlSharadarSF1Translator \T1/ptm/m/n/10 (\T1/ptm/m/it/10 cl
ass in
 []


Underfull \hbox (badness 10000) in paragraph at lines 291--293
[]\T1/pcr/m/n/10 QuandlTickerInfoTranslator \T1/ptm/m/n/10 (\T1/ptm/m/it/10 cla
ss in
 []


Underfull \hbox (badness 10000) in paragraph at lines 300--301
[]\T1/pcr/m/n/10 request() \T1/ptm/m/n/10 (\T1/ptm/m/it/10 dalio.external.image
.PyPlotGraph
 []


Underfull \hbox (badness 10000) in paragraph at lines 305--306
[]\T1/pcr/m/n/10 reset() \T1/ptm/m/n/10 (\T1/ptm/m/it/10 dalio.external.image.P
ySubplotGraph
 []


Underfull \hbox (badness 10000) in paragraph at lines 306--307
[]\T1/pcr/m/n/10 reset() \T1/ptm/m/n/10 (\T1/ptm/m/it/10 dalio.external.image.S
ubplotManager
 []


Underfull \hbox (badness 10000) in paragraph at lines 309--310
[]\T1/pcr/m/n/10 run() \T1/ptm/m/n/10 (\T1/ptm/m/it/10 dalio.application.applic
ation.Application
 []


Underfull \hbox (badness 10000) in paragraph at lines 310--312
[]\T1/pcr/m/n/10 run() \T1/ptm/m/n/10 (\T1/ptm/m/it/10 dalio.application.graphe
rs.ForecastGrapher
 []


Underfull \hbox (badness 10000) in paragraph at lines 313--314
[]\T1/pcr/m/n/10 run() \T1/ptm/m/n/10 (\T1/ptm/m/it/10 dalio.application.graphe
rs.LMGrapher
 []


Underfull \hbox (badness 10000) in paragraph at lines 314--316
[]\T1/pcr/m/n/10 run() \T1/ptm/m/n/10 (\T1/ptm/m/it/10 dalio.application.graphe
rs.PandasXYGrapher
 []


Underfull \hbox (badness 10000) in paragraph at lines 316--317
[]\T1/pcr/m/n/10 run() \T1/ptm/m/n/10 (\T1/ptm/m/it/10 dalio.application.graphe
rs.VaRGrapher
 []


Underfull \hbox (badness 10000) in paragraph at lines 319--320
[]\T1/pcr/m/n/10 run() \T1/ptm/m/n/10 (\T1/ptm/m/it/10 dalio.model.financial.Ma
keCriticalLine
 []


Underfull \hbox (badness 10000) in paragraph at lines 320--322
[]\T1/pcr/m/n/10 run() \T1/ptm/m/n/10 (\T1/ptm/m/it/10 dalio.model.financial.Ma
keEfficientFrontier
 []


Underfull \hbox (badness 10000) in paragraph at lines 322--323
[]\T1/pcr/m/n/10 run() \T1/ptm/m/n/10 (\T1/ptm/m/it/10 dalio.model.financial.Op
timumPortfolio
 []


Underfull \hbox (badness 10000) in paragraph at lines 327--329
[]\T1/pcr/m/n/10 run() \T1/ptm/m/n/10 (\T1/ptm/m/it/10 dalio.translator.file.St
ockStreamFileTranslator
 []


Underfull \hbox (badness 10000) in paragraph at lines 329--330
[]\T1/pcr/m/n/10 run() \T1/ptm/m/n/10 (\T1/ptm/m/it/10 dalio.translator.pdr.Yah
ooStockTranslator
 []


Overfull \hbox (25.7709pt too wide) in paragraph at lines 330--332
[]\T1/pcr/m/n/10 run() \T1/ptm/m/n/10 (\T1/ptm/m/it/10 dalio.translator.quandl.
QuandlSharadarSF1Translator
 []


Overfull \hbox (12.84056pt too wide) in paragraph at lines 332--334
[]\T1/pcr/m/n/10 run() \T1/ptm/m/n/10 (\T1/ptm/m/it/10 dalio.translator.quandl.
QuandlTickerInfoTranslator
 []


Underfull \hbox (badness 10000) in paragraph at lines 337--338
[]\T1/pcr/m/n/10 set_connection() \T1/ptm/m/n/10 (\T1/ptm/m/it/10 dalio.externa
l.file.FileWriter
 []


Underfull \hbox (badness 10000) in paragraph at lines 341--343
[]\T1/pcr/m/n/10 set_input() \T1/ptm/m/n/10 (\T1/ptm/m/it/10 dalio.translator.t
ranslator.Translator
 []


Overfull \hbox (13.20078pt too wide) in paragraph at lines 343--345
[]\T1/pcr/m/n/10 set_output() \T1/ptm/m/n/10 (\T1/ptm/m/it/10 dalio.application
.application.Application
 []


Underfull \hbox (badness 10000) in paragraph at lines 345--346
[]\T1/pcr/m/n/10 set_start() \T1/ptm/m/n/10 (\T1/ptm/m/it/10 dalio.pipe.selecti
on.DateSelect
 []


Underfull \hbox (badness 10000) in paragraph at lines 348--350
[]\T1/pcr/m/n/10 StockStreamFileTranslator \T1/ptm/m/n/10 (\T1/ptm/m/it/10 clas
s in
 []


Underfull \hbox (badness 10000) in paragraph at lines 355--357
[]\T1/pcr/m/n/10 test_desc \T1/ptm/m/n/10 (\T1/ptm/m/it/10 dalio.validator.vali
dator.Validator at-
 []


Underfull \hbox (badness 10000) in paragraph at lines 358--359
[]\T1/pcr/m/n/10 transform() \T1/ptm/m/n/10 (\T1/ptm/m/it/10 dalio.pipe.builder
s.ExpectedReturns
 []


Underfull \hbox (badness 10000) in paragraph at lines 359--361
[]\T1/pcr/m/n/10 transform() \T1/ptm/m/n/10 (\T1/ptm/m/it/10 dalio.pipe.builder
s.ExpectedShortfall
 []


Underfull \hbox (badness 10000) in paragraph at lines 361--362
[]\T1/pcr/m/n/10 transform() \T1/ptm/m/n/10 (\T1/ptm/m/it/10 dalio.pipe.builder
s.LinearModel
 []

[56]
Underfull \hbox (badness 10000) in paragraph at lines 362--363
[]\T1/pcr/m/n/10 transform() \T1/ptm/m/n/10 (\T1/ptm/m/it/10 dalio.pipe.builder
s.MakeARCH
 []


Underfull \hbox (badness 10000) in paragraph at lines 363--364
[]\T1/pcr/m/n/10 transform() \T1/ptm/m/n/10 (\T1/ptm/m/it/10 dalio.pipe.builder
s.StockComps
 []


Underfull \hbox (badness 10000) in paragraph at lines 364--365
[]\T1/pcr/m/n/10 transform() \T1/ptm/m/n/10 (\T1/ptm/m/it/10 dalio.pipe.builder
s.ValueAtRisk
 []


Underfull \hbox (badness 10000) in paragraph at lines 365--366
[]\T1/pcr/m/n/10 transform() \T1/ptm/m/n/10 (\T1/ptm/m/it/10 dalio.pipe.col_gen
eration.Change
 []


Underfull \hbox (badness 10000) in paragraph at lines 366--367
[]\T1/pcr/m/n/10 transform() \T1/ptm/m/n/10 (\T1/ptm/m/it/10 dalio.pipe.col_gen
eration.Index
 []


Underfull \hbox (badness 10000) in paragraph at lines 367--368
[]\T1/pcr/m/n/10 transform() \T1/ptm/m/n/10 (\T1/ptm/m/it/10 dalio.pipe.col_gen
eration.Period
 []


Underfull \hbox (badness 10000) in paragraph at lines 368--369
[]\T1/pcr/m/n/10 transform() \T1/ptm/m/n/10 (\T1/ptm/m/it/10 dalio.pipe.col_gen
eration.Rolling
 []


Underfull \hbox (badness 10000) in paragraph at lines 373--374
[]\T1/pcr/m/n/10 transform() \T1/ptm/m/n/10 (\T1/ptm/m/it/10 dalio.pipe.forecas
t.GARCHForecast
 []


Underfull \hbox (badness 10000) in paragraph at lines 377--378
[]\T1/pcr/m/n/10 transform() \T1/ptm/m/n/10 (\T1/ptm/m/it/10 dalio.pipe.selecti
on.DateSelect
 []


Underfull \hbox (badness 10000) in paragraph at lines 379--381
[]\T1/pcr/m/n/10 translate_df() \T1/ptm/m/n/10 (\T1/ptm/m/it/10 in mod-ule
 []


Overfull \hbox (19.00073pt too wide) in paragraph at lines 381--383
[]\T1/pcr/m/n/10 translate_item() \T1/ptm/m/n/10 (\T1/ptm/m/it/10 dalio.transla
tor.translator.Translator
 []


Overfull \hbox (33.40047pt too wide) in paragraph at lines 383--385
[]\T1/pcr/m/n/10 translations \T1/ptm/m/n/10 (\T1/ptm/m/it/10 dalio.translator.
file.StockStreamFileTranslator
 []


Overfull \hbox (15.131pt too wide) in paragraph at lines 385--387
[]\T1/pcr/m/n/10 translations \T1/ptm/m/n/10 (\T1/ptm/m/it/10 dalio.translator.
pdr.YahooStockTranslator
 []


Overfull \hbox (67.7709pt too wide) in paragraph at lines 387--389
[]\T1/pcr/m/n/10 translations \T1/ptm/m/n/10 (\T1/ptm/m/it/10 dalio.translator.
quandl.QuandlSharadarSF1Translator
 []


Overfull \hbox (54.84056pt too wide) in paragraph at lines 389--391
[]\T1/pcr/m/n/10 translations \T1/ptm/m/n/10 (\T1/ptm/m/it/10 dalio.translator.
quandl.QuandlTickerInfoTranslator
 []


Underfull \hbox (badness 7796) in paragraph at lines 397--399
[]\T1/pcr/m/n/10 update_config() \T1/ptm/m/n/10 (\T1/ptm/m/it/10 dalio.external
.external.External
 []


Underfull \hbox (badness 10000) in paragraph at lines 399--401
[]\T1/pcr/m/n/10 update_translations()
 []


Underfull \hbox (badness 10000) in paragraph at lines 404--405
[]\T1/pcr/m/n/10 validate() \T1/ptm/m/n/10 (\T1/ptm/m/it/10 dalio.validator.arr
ay_val.HAS_DIMS
 []


Underfull \hbox (badness 10000) in paragraph at lines 407--408
[]\T1/pcr/m/n/10 validate() \T1/ptm/m/n/10 (\T1/ptm/m/it/10 dalio.validator.bas
e_val.HAS_ATTR
 []


Underfull \hbox (badness 10000) in paragraph at lines 408--409
[]\T1/pcr/m/n/10 validate() \T1/ptm/m/n/10 (\T1/ptm/m/it/10 dalio.validator.bas
e_val.IS_TYPE
 []


Underfull \hbox (badness 10000) in paragraph at lines 409--411
[]\T1/pcr/m/n/10 validate() \T1/ptm/m/n/10 (\T1/ptm/m/it/10 dalio.validator.pan
das_val.HAS_COLS
 []


Overfull \hbox (7.86116pt too wide) in paragraph at lines 411--413
[]\T1/pcr/m/n/10 validate() \T1/ptm/m/n/10 (\T1/ptm/m/it/10 dalio.validator.pan
das_val.HAS_IN_COLS
 []


Overfull \hbox (34.80121pt too wide) in paragraph at lines 413--415
[]\T1/pcr/m/n/10 validate() \T1/ptm/m/n/10 (\T1/ptm/m/it/10 dalio.validator.pan
das_val.HAS_INDEX_NAMES
 []


Underfull \hbox (badness 10000) in paragraph at lines 415--417
[]\T1/pcr/m/n/10 validate() \T1/ptm/m/n/10 (\T1/ptm/m/it/10 dalio.validator.pan
das_val.IS_PD_TS
 []


Underfull \hbox (badness 10000) in paragraph at lines 417--418
[]\T1/pcr/m/n/10 validate() \T1/ptm/m/n/10 (\T1/ptm/m/it/10 dalio.validator.val
idator.Validator
 []


Overfull \hbox (11.86073pt too wide) in paragraph at lines 424--426
[]\T1/pcr/m/n/10 weight_bounds \T1/ptm/m/n/10 (\T1/ptm/m/it/10 dalio.model.fina
ncial.MakeCriticalLine
 []


Overfull \hbox (29.00087pt too wide) in paragraph at lines 426--428
[]\T1/pcr/m/n/10 weight_bounds \T1/ptm/m/n/10 (\T1/ptm/m/it/10 dalio.model.fina
ncial.MakeEfficientFrontier
 []


Overfull \hbox (9.37112pt too wide) in paragraph at lines 428--430
[]\T1/pcr/m/n/10 weight_bounds \T1/ptm/m/n/10 (\T1/ptm/m/it/10 dalio.model.fina
ncial.OptimumWeights
 []


Overfull \hbox (19.20078pt too wide) in paragraph at lines 434--436
[]\T1/pcr/m/n/10 with_output() \T1/ptm/m/n/10 (\T1/ptm/m/it/10 dalio.applicatio
n.application.Application
 []


Underfull \hbox (badness 10000) in paragraph at lines 440--441
[]\T1/pcr/m/n/10 YahooStockTranslator \T1/ptm/m/n/10 (\T1/ptm/m/it/10 class in
 []

[57])
Package atveryend Info: Empty hook `BeforeClearDocument' on input line 4490.
Package atveryend Info: Empty hook `AfterLastShipout' on input line 4490.
 (./dalio.aux)
Package atveryend Info: Executing hook `AtVeryEndDocument' on input line 4490.
Package atveryend Info: Executing hook `AtEndAfterFileList' on input line 4490.



Package rerunfilecheck Warning: File `dalio.out' has changed.
(rerunfilecheck)                Rerun to get outlines right
(rerunfilecheck)                or use package `bookmark'.

Package rerunfilecheck Info: Checksums for `dalio.out':
(rerunfilecheck)             Before: C4A8C86D0DB9FD10CF9A01AB511383D2;8580
(rerunfilecheck)             After:  7D91CE8033ED0BE2565A11AEDA2F80A1;8580.

LaTeX Warning: There were undefined references.


LaTeX Warning: Label(s) may have changed. Rerun to get cross-references right.

Package atveryend Info: Empty hook `AtVeryVeryEnd' on input line 4490.
 ) 
Here is how much of TeX's memory you used:
 14639 strings out of 492167
 215529 string characters out of 6131558
 337221 words of memory out of 5000000
 18308 multiletter control sequences out of 15000+600000
 48458 words of font info for 74 fonts, out of 8000000 for 9000
 1142 hyphenation exceptions out of 8191
 42i,12n,51p,638b,669s stack positions out of 5000i,500n,10000p,200000b,80000s
{/usr/share/texmf-dist/fonts/enc/dvips/base/8r.enc}</usr/share/texmf-dist/fon
ts/type1/public/amsfonts/cm/cmsy10.pfb></usr/share/texmf-dist/fonts/type1/urw/c
ourier/ucrb8a.pfb></usr/share/texmf-dist/fonts/type1/urw/courier/ucrr8a.pfb></u
sr/share/texmf-dist/fonts/type1/urw/courier/ucrro8a.pfb></usr/share/texmf-dist/
fonts/type1/urw/helvetic/uhvb8a.pfb></usr/share/texmf-dist/fonts/type1/urw/helv
etic/uhvbo8a.pfb></usr/share/texmf-dist/fonts/type1/urw/helvetic/uhvr8a.pfb></u
sr/share/texmf-dist/fonts/type1/urw/times/utmb8a.pfb></usr/share/texmf-dist/fon
ts/type1/urw/times/utmr8a.pfb></usr/share/texmf-dist/fonts/type1/urw/times/utmr
i8a.pfb>
Output written on dalio.pdf (61 pages, 253475 bytes).
PDF statistics:
 1329 PDF objects out of 1440 (max. 8388607)
 1238 compressed objects within 13 object streams
 390 named destinations out of 1000 (max. 500000)
 461 words of extra memory for PDF output out of 10000 (max. 10000000)

