\BOOKMARK [0][-]{chapter.1}{\376\377\000d\000a\000l\000i\000o\000.\000e\000x\000t\000e\000r\000n\000a\000l\000\040\000p\000a\000c\000k\000a\000g\000e}{}% 1
\BOOKMARK [1][-]{section.1.1}{\376\377\000S\000u\000b\000m\000o\000d\000u\000l\000e\000s}{chapter.1}% 2
\BOOKMARK [1][-]{section.1.2}{\376\377\000d\000a\000l\000i\000o\000.\000e\000x\000t\000e\000r\000n\000a\000l\000.\000e\000x\000t\000e\000r\000n\000a\000l}{chapter.1}% 3
\BOOKMARK [1][-]{section.1.3}{\376\377\000d\000a\000l\000i\000o\000.\000e\000x\000t\000e\000r\000n\000a\000l\000.\000f\000i\000l\000e}{chapter.1}% 4
\BOOKMARK [1][-]{section.1.4}{\376\377\000d\000a\000l\000i\000o\000.\000e\000x\000t\000e\000r\000n\000a\000l\000.\000i\000m\000a\000g\000e}{chapter.1}% 5
\BOOKMARK [1][-]{section.1.5}{\376\377\000d\000a\000l\000i\000o\000.\000e\000x\000t\000e\000r\000n\000a\000l\000.\000w\000e\000b}{chapter.1}% 6
\BOOKMARK [0][-]{chapter.2}{\376\377\000d\000a\000l\000i\000o\000.\000t\000r\000a\000n\000s\000l\000a\000t\000o\000r\000\040\000p\000a\000c\000k\000a\000g\000e}{}% 7
\BOOKMARK [1][-]{section.2.1}{\376\377\000S\000u\000b\000m\000o\000d\000u\000l\000e\000s}{chapter.2}% 8
\BOOKMARK [1][-]{section.2.2}{\376\377\000d\000a\000l\000i\000o\000.\000t\000r\000a\000n\000s\000l\000a\000t\000o\000r\000.\000f\000i\000l\000e}{chapter.2}% 9
\BOOKMARK [1][-]{section.2.3}{\376\377\000d\000a\000l\000i\000o\000.\000t\000r\000a\000n\000s\000l\000a\000t\000o\000r\000.\000p\000d\000r}{chapter.2}% 10
\BOOKMARK [1][-]{section.2.4}{\376\377\000d\000a\000l\000i\000o\000.\000t\000r\000a\000n\000s\000l\000a\000t\000o\000r\000.\000q\000u\000a\000n\000d\000l}{chapter.2}% 11
\BOOKMARK [1][-]{section.2.5}{\376\377\000d\000a\000l\000i\000o\000.\000t\000r\000a\000n\000s\000l\000a\000t\000o\000r\000.\000t\000r\000a\000n\000s\000l\000a\000t\000o\000r}{chapter.2}% 12
\BOOKMARK [0][-]{chapter.3}{\376\377\000d\000a\000l\000i\000o\000.\000p\000i\000p\000e\000\040\000p\000a\000c\000k\000a\000g\000e}{}% 13
\BOOKMARK [1][-]{section.3.1}{\376\377\000S\000u\000b\000m\000o\000d\000u\000l\000e\000s}{chapter.3}% 14
\BOOKMARK [1][-]{section.3.2}{\376\377\000d\000a\000l\000i\000o\000.\000p\000i\000p\000e\000.\000b\000u\000i\000l\000d\000e\000r\000s}{chapter.3}% 15
\BOOKMARK [1][-]{section.3.3}{\376\377\000d\000a\000l\000i\000o\000.\000p\000i\000p\000e\000.\000c\000o\000l\000\137\000g\000e\000n\000e\000r\000a\000t\000i\000o\000n}{chapter.3}% 16
\BOOKMARK [1][-]{section.3.4}{\376\377\000d\000a\000l\000i\000o\000.\000p\000i\000p\000e\000.\000c\000u\000s\000t\000o\000m}{chapter.3}% 17
\BOOKMARK [1][-]{section.3.5}{\376\377\000d\000a\000l\000i\000o\000.\000p\000i\000p\000e\000.\000f\000o\000r\000e\000c\000a\000s\000t}{chapter.3}% 18
\BOOKMARK [1][-]{section.3.6}{\376\377\000d\000a\000l\000i\000o\000.\000p\000i\000p\000e\000.\000p\000i\000p\000e}{chapter.3}% 19
\BOOKMARK [1][-]{section.3.7}{\376\377\000d\000a\000l\000i\000o\000.\000p\000i\000p\000e\000.\000s\000e\000l\000e\000c\000t\000i\000o\000n}{chapter.3}% 20
\BOOKMARK [0][-]{chapter.4}{\376\377\000d\000a\000l\000i\000o\000.\000m\000o\000d\000e\000l\000\040\000p\000a\000c\000k\000a\000g\000e}{}% 21
\BOOKMARK [1][-]{section.4.1}{\376\377\000S\000u\000b\000m\000o\000d\000u\000l\000e\000s}{chapter.4}% 22
\BOOKMARK [1][-]{section.4.2}{\376\377\000d\000a\000l\000i\000o\000.\000m\000o\000d\000e\000l\000.\000f\000i\000n\000a\000n\000c\000i\000a\000l}{chapter.4}% 23
\BOOKMARK [1][-]{section.4.3}{\376\377\000d\000a\000l\000i\000o\000.\000m\000o\000d\000e\000l\000.\000m\000o\000d\000e\000l}{chapter.4}% 24
\BOOKMARK [0][-]{chapter.5}{\376\377\000d\000a\000l\000i\000o\000.\000a\000p\000p\000l\000i\000c\000a\000t\000i\000o\000n\000\040\000p\000a\000c\000k\000a\000g\000e}{}% 25
\BOOKMARK [1][-]{section.5.1}{\376\377\000S\000u\000b\000m\000o\000d\000u\000l\000e\000s}{chapter.5}% 26
\BOOKMARK [1][-]{section.5.2}{\376\377\000d\000a\000l\000i\000o\000.\000a\000p\000p\000l\000i\000c\000a\000t\000i\000o\000n\000.\000a\000p\000p\000l\000i\000c\000a\000t\000i\000o\000n}{chapter.5}% 27
\BOOKMARK [1][-]{section.5.3}{\376\377\000d\000a\000l\000i\000o\000.\000a\000p\000p\000l\000i\000c\000a\000t\000i\000o\000n\000.\000g\000r\000a\000p\000h\000e\000r\000s}{chapter.5}% 28
\BOOKMARK [1][-]{section.5.4}{\376\377\000d\000a\000l\000i\000o\000.\000a\000p\000p\000l\000i\000c\000a\000t\000i\000o\000n\000.\000p\000r\000i\000n\000t\000e\000r\000s}{chapter.5}% 29
\BOOKMARK [0][-]{chapter.6}{\376\377\000d\000a\000l\000i\000o\000.\000o\000p\000s\000\040\000m\000o\000d\000u\000l\000e}{}% 30
\BOOKMARK [0][-]{chapter.7}{\376\377\000d\000a\000l\000i\000o\000.\000b\000a\000s\000e}{}% 31
\BOOKMARK [1][-]{section.7.1}{\376\377\000S\000u\000b\000m\000o\000d\000u\000l\000e\000s}{chapter.7}% 32
\BOOKMARK [1][-]{section.7.2}{\376\377\000d\000a\000l\000i\000o\000.\000b\000a\000s\000e\000.\000b\000u\000i\000l\000d\000e\000r\000\040\000m\000o\000d\000u\000l\000e}{chapter.7}% 33
\BOOKMARK [1][-]{section.7.3}{\376\377\000d\000a\000l\000i\000o\000.\000b\000a\000s\000e\000.\000c\000o\000n\000s\000t\000a\000n\000t\000s\000\040\000m\000o\000d\000u\000l\000e}{chapter.7}% 34
\BOOKMARK [1][-]{section.7.4}{\376\377\000d\000a\000l\000i\000o\000.\000b\000a\000s\000e\000.\000d\000a\000t\000a\000d\000e\000f\000\040\000m\000o\000d\000u\000l\000e}{chapter.7}% 35
\BOOKMARK [1][-]{section.7.5}{\376\377\000d\000a\000l\000i\000o\000.\000b\000a\000s\000e\000.\000n\000o\000d\000e\000\040\000m\000o\000d\000u\000l\000e}{chapter.7}% 36
\BOOKMARK [1][-]{section.7.6}{\376\377\000d\000a\000l\000i\000o\000.\000b\000a\000s\000e\000.\000t\000r\000a\000n\000s\000f\000o\000r\000m\000e\000r\000\040\000m\000o\000d\000u\000l\000e}{chapter.7}% 37
\BOOKMARK [1][-]{section.7.7}{\376\377\000M\000o\000d\000u\000l\000e\000\040\000c\000o\000n\000t\000e\000n\000t\000s}{chapter.7}% 38
\BOOKMARK [0][-]{chapter.8}{\376\377\000d\000a\000l\000i\000o\000.\000v\000a\000l\000i\000d\000a\000t\000o\000r}{}% 39
\BOOKMARK [1][-]{section.8.1}{\376\377\000S\000u\000b\000m\000o\000d\000u\000l\000e\000s}{chapter.8}% 40
\BOOKMARK [1][-]{section.8.2}{\376\377\000d\000a\000l\000i\000o\000.\000v\000a\000l\000i\000d\000a\000t\000o\000r\000.\000a\000r\000r\000a\000y\000\137\000v\000a\000l\000\040\000m\000o\000d\000u\000l\000e}{chapter.8}% 41
\BOOKMARK [1][-]{section.8.3}{\376\377\000d\000a\000l\000i\000o\000.\000v\000a\000l\000i\000d\000a\000t\000o\000r\000.\000b\000a\000s\000e\000\137\000v\000a\000l\000\040\000m\000o\000d\000u\000l\000e}{chapter.8}% 42
\BOOKMARK [1][-]{section.8.4}{\376\377\000d\000a\000l\000i\000o\000.\000v\000a\000l\000i\000d\000a\000t\000o\000r\000.\000p\000a\000n\000d\000a\000s\000\137\000v\000a\000l\000\040\000m\000o\000d\000u\000l\000e}{chapter.8}% 43
\BOOKMARK [1][-]{section.8.5}{\376\377\000d\000a\000l\000i\000o\000.\000v\000a\000l\000i\000d\000a\000t\000o\000r\000.\000p\000r\000e\000s\000e\000t\000s\000\040\000m\000o\000d\000u\000l\000e}{chapter.8}% 44
\BOOKMARK [1][-]{section.8.6}{\376\377\000d\000a\000l\000i\000o\000.\000v\000a\000l\000i\000d\000a\000t\000o\000r\000.\000v\000a\000l\000i\000d\000a\000t\000o\000r\000\040\000m\000o\000d\000u\000l\000e}{chapter.8}% 45
\BOOKMARK [1][-]{section.8.7}{\376\377\000M\000o\000d\000u\000l\000e\000\040\000c\000o\000n\000t\000e\000n\000t\000s}{chapter.8}% 46
\BOOKMARK [0][-]{chapter.9}{\376\377\000d\000a\000l\000i\000o\000.\000u\000t\000i\000l}{}% 47
\BOOKMARK [1][-]{section.9.1}{\376\377\000S\000u\000b\000m\000o\000d\000u\000l\000e\000s}{chapter.9}% 48
\BOOKMARK [1][-]{section.9.2}{\376\377\000d\000a\000l\000i\000o\000.\000u\000t\000i\000l\000.\000p\000l\000o\000t\000t\000i\000n\000g\000\137\000u\000t\000i\000l\000s\000\040\000m\000o\000d\000u\000l\000e}{chapter.9}% 49
\BOOKMARK [1][-]{section.9.3}{\376\377\000d\000a\000l\000i\000o\000.\000u\000t\000i\000l\000.\000p\000r\000o\000c\000e\000s\000s\000i\000n\000g\000\137\000u\000t\000i\000l\000s\000\040\000m\000o\000d\000u\000l\000e}{chapter.9}% 50
\BOOKMARK [1][-]{section.9.4}{\376\377\000d\000a\000l\000i\000o\000.\000u\000t\000i\000l\000.\000t\000r\000a\000n\000s\000l\000a\000t\000i\000o\000n\000\137\000u\000t\000i\000l\000s\000\040\000m\000o\000d\000u\000l\000e}{chapter.9}% 51
\BOOKMARK [1][-]{section.9.5}{\376\377\000M\000o\000d\000u\000l\000e\000\040\000c\000o\000n\000t\000e\000n\000t\000s}{chapter.9}% 52
\BOOKMARK [0][-]{chapter.10}{\376\377\000I\000n\000d\000i\000c\000e\000s\000\040\000a\000n\000d\000\040\000t\000a\000b\000l\000e\000s}{}% 53
\BOOKMARK [0][-]{section*.273}{\376\377\000P\000y\000t\000h\000o\000n\000\040\000M\000o\000d\000u\000l\000e\000\040\000I\000n\000d\000e\000x}{}% 54
\BOOKMARK [0][-]{section*.274}{\376\377\000I\000n\000d\000e\000x}{}% 55
